<?xml version="1.0" encoding="UTF-8"?>
<testng-results skipped="0" failed="0" ignored="0" total="10" passed="10">
  <reporter-output>
  </reporter-output>
  <suite name="Suite" duration-ms="82684" started-at="2021-10-26T17:19:00 GMT" finished-at="2021-10-26T17:20:23 GMT">
    <groups>
    </groups>
    <test name="Test5" duration-ms="40274" started-at="2021-10-26T17:19:00 GMT" finished-at="2021-10-26T17:19:41 GMT">
      <class name="com.gSTAX.Tests.Tricentis2">
        <test-method status="PASS" signature="setupDriver()[pri:0, instance:com.gSTAX.Tests.Tricentis2@7d9d1a19]" name="setupDriver" is-config="true" duration-ms="5951" started-at="2021-10-26T17:19:00 GMT" finished-at="2021-10-26T17:19:06 GMT">
          <reporter-output>
          </reporter-output>
        </test-method> <!-- setupDriver -->
        <test-method status="PASS" signature="WebsiteTest2()[pri:0, instance:com.gSTAX.Tests.Tricentis2@7d9d1a19]" name="WebsiteTest2" duration-ms="33866" started-at="2021-10-26T17:19:06 GMT" finished-at="2021-10-26T17:19:40 GMT">
          <reporter-output>
          </reporter-output>
        </test-method> <!-- WebsiteTest2 -->
        <test-method status="PASS" signature="quitDriver()[pri:0, instance:com.gSTAX.Tests.Tricentis2@7d9d1a19]" name="quitDriver" is-config="true" duration-ms="270" started-at="2021-10-26T17:19:40 GMT" finished-at="2021-10-26T17:19:41 GMT">
          <reporter-output>
          </reporter-output>
        </test-method> <!-- quitDriver -->
      </class> <!-- com.gSTAX.Tests.Tricentis2 -->
    </test> <!-- Test5 -->
    <test name="Test1" duration-ms="40426" started-at="2021-10-26T17:19:00 GMT" finished-at="2021-10-26T17:19:41 GMT">
      <class name="com.gSTAX.Tests.Tricentis2">
        <test-method status="PASS" signature="setupDriver()[pri:0, instance:com.gSTAX.Tests.Tricentis2@5c7fa833]" name="setupDriver" is-config="true" duration-ms="5977" started-at="2021-10-26T17:19:00 GMT" finished-at="2021-10-26T17:19:06 GMT">
          <reporter-output>
          </reporter-output>
        </test-method> <!-- setupDriver -->
        <test-method status="PASS" signature="WebsiteTest2()[pri:0, instance:com.gSTAX.Tests.Tricentis2@5c7fa833]" name="WebsiteTest2" duration-ms="34024" started-at="2021-10-26T17:19:06 GMT" finished-at="2021-10-26T17:19:40 GMT">
          <reporter-output>
          </reporter-output>
        </test-method> <!-- WebsiteTest2 -->
        <test-method status="PASS" signature="quitDriver()[pri:0, instance:com.gSTAX.Tests.Tricentis2@5c7fa833]" name="quitDriver" is-config="true" duration-ms="271" started-at="2021-10-26T17:19:40 GMT" finished-at="2021-10-26T17:19:41 GMT">
          <reporter-output>
          </reporter-output>
        </test-method> <!-- quitDriver -->
      </class> <!-- com.gSTAX.Tests.Tricentis2 -->
    </test> <!-- Test1 -->
    <test name="Test3" duration-ms="40392" started-at="2021-10-26T17:19:00 GMT" finished-at="2021-10-26T17:19:41 GMT">
      <class name="com.gSTAX.Tests.Tricentis2">
        <test-method status="PASS" signature="setupDriver()[pri:0, instance:com.gSTAX.Tests.Tricentis2@5e3a8624]" name="setupDriver" is-config="true" duration-ms="5958" started-at="2021-10-26T17:19:00 GMT" finished-at="2021-10-26T17:19:06 GMT">
          <reporter-output>
          </reporter-output>
        </test-method> <!-- setupDriver -->
        <test-method status="PASS" signature="WebsiteTest2()[pri:0, instance:com.gSTAX.Tests.Tricentis2@5e3a8624]" name="WebsiteTest2" duration-ms="33889" started-at="2021-10-26T17:19:06 GMT" finished-at="2021-10-26T17:19:40 GMT">
          <reporter-output>
          </reporter-output>
        </test-method> <!-- WebsiteTest2 -->
        <test-method status="PASS" signature="quitDriver()[pri:0, instance:com.gSTAX.Tests.Tricentis2@5e3a8624]" name="quitDriver" is-config="true" duration-ms="375" started-at="2021-10-26T17:19:40 GMT" finished-at="2021-10-26T17:19:41 GMT">
          <reporter-output>
          </reporter-output>
        </test-method> <!-- quitDriver -->
      </class> <!-- com.gSTAX.Tests.Tricentis2 -->
    </test> <!-- Test3 -->
    <test name="Test4" duration-ms="40565" started-at="2021-10-26T17:19:00 GMT" finished-at="2021-10-26T17:19:41 GMT">
      <class name="com.gSTAX.Tests.Tricentis2">
        <test-method status="PASS" signature="setupDriver()[pri:0, instance:com.gSTAX.Tests.Tricentis2@6a41eaa2]" name="setupDriver" is-config="true" duration-ms="5926" started-at="2021-10-26T17:19:00 GMT" finished-at="2021-10-26T17:19:06 GMT">
          <reporter-output>
          </reporter-output>
        </test-method> <!-- setupDriver -->
        <test-method status="PASS" signature="WebsiteTest2()[pri:0, instance:com.gSTAX.Tests.Tricentis2@6a41eaa2]" name="WebsiteTest2" duration-ms="34183" started-at="2021-10-26T17:19:06 GMT" finished-at="2021-10-26T17:19:41 GMT">
          <reporter-output>
          </reporter-output>
        </test-method> <!-- WebsiteTest2 -->
        <test-method status="PASS" signature="quitDriver()[pri:0, instance:com.gSTAX.Tests.Tricentis2@6a41eaa2]" name="quitDriver" is-config="true" duration-ms="287" started-at="2021-10-26T17:19:41 GMT" finished-at="2021-10-26T17:19:41 GMT">
          <reporter-output>
          </reporter-output>
        </test-method> <!-- quitDriver -->
      </class> <!-- com.gSTAX.Tests.Tricentis2 -->
    </test> <!-- Test4 -->
    <test name="Test2" duration-ms="41360" started-at="2021-10-26T17:19:00 GMT" finished-at="2021-10-26T17:19:42 GMT">
      <class name="com.gSTAX.Tests.Tricentis2">
        <test-method status="PASS" signature="setupDriver()[pri:0, instance:com.gSTAX.Tests.Tricentis2@66a3ffec]" name="setupDriver" is-config="true" duration-ms="5962" started-at="2021-10-26T17:19:00 GMT" finished-at="2021-10-26T17:19:06 GMT">
          <reporter-output>
          </reporter-output>
        </test-method> <!-- setupDriver -->
        <test-method status="PASS" signature="WebsiteTest2()[pri:0, instance:com.gSTAX.Tests.Tricentis2@66a3ffec]" name="WebsiteTest2" duration-ms="34962" started-at="2021-10-26T17:19:06 GMT" finished-at="2021-10-26T17:19:41 GMT">
          <reporter-output>
          </reporter-output>
        </test-method> <!-- WebsiteTest2 -->
        <test-method status="PASS" signature="quitDriver()[pri:0, instance:com.gSTAX.Tests.Tricentis2@66a3ffec]" name="quitDriver" is-config="true" duration-ms="258" started-at="2021-10-26T17:19:41 GMT" finished-at="2021-10-26T17:19:42 GMT">
          <reporter-output>
          </reporter-output>
        </test-method> <!-- quitDriver -->
      </class> <!-- com.gSTAX.Tests.Tricentis2 -->
    </test> <!-- Test2 -->
    <test name="Test6" duration-ms="38354" started-at="2021-10-26T17:19:41 GMT" finished-at="2021-10-26T17:20:19 GMT">
      <class name="com.gSTAX.Tests.Tricentis2">
        <test-method status="PASS" signature="setupDriver()[pri:0, instance:com.gSTAX.Tests.Tricentis2@53b32d7]" name="setupDriver" is-config="true" duration-ms="4566" started-at="2021-10-26T17:19:41 GMT" finished-at="2021-10-26T17:19:46 GMT">
          <reporter-output>
          </reporter-output>
        </test-method> <!-- setupDriver -->
        <test-method status="PASS" signature="WebsiteTest2()[pri:0, instance:com.gSTAX.Tests.Tricentis2@53b32d7]" name="WebsiteTest2" duration-ms="33663" started-at="2021-10-26T17:19:46 GMT" finished-at="2021-10-26T17:20:19 GMT">
          <reporter-output>
          </reporter-output>
        </test-method> <!-- WebsiteTest2 -->
        <test-method status="PASS" signature="quitDriver()[pri:0, instance:com.gSTAX.Tests.Tricentis2@53b32d7]" name="quitDriver" is-config="true" duration-ms="122" started-at="2021-10-26T17:20:19 GMT" finished-at="2021-10-26T17:20:19 GMT">
          <reporter-output>
          </reporter-output>
        </test-method> <!-- quitDriver -->
      </class> <!-- com.gSTAX.Tests.Tricentis2 -->
    </test> <!-- Test6 -->
    <test name="Test10" duration-ms="39351" started-at="2021-10-26T17:19:42 GMT" finished-at="2021-10-26T17:20:21 GMT">
      <class name="com.gSTAX.Tests.Tricentis">
        <test-method status="PASS" signature="setupDriver()[pri:0, instance:com.gSTAX.Tests.Tricentis@589838eb]" name="setupDriver" is-config="true" duration-ms="3445" started-at="2021-10-26T17:19:42 GMT" finished-at="2021-10-26T17:19:45 GMT">
          <reporter-output>
          </reporter-output>
        </test-method> <!-- setupDriver -->
        <test-method status="PASS" signature="WebsiteTest1()[pri:0, instance:com.gSTAX.Tests.Tricentis@589838eb]" name="WebsiteTest1" duration-ms="35844" started-at="2021-10-26T17:19:45 GMT" finished-at="2021-10-26T17:20:21 GMT">
          <reporter-output>
          </reporter-output>
        </test-method> <!-- WebsiteTest1 -->
        <test-method status="PASS" signature="quitDriver()[pri:0, instance:com.gSTAX.Tests.Tricentis@589838eb]" name="quitDriver" is-config="true" duration-ms="61" started-at="2021-10-26T17:20:21 GMT" finished-at="2021-10-26T17:20:21 GMT">
          <reporter-output>
          </reporter-output>
        </test-method> <!-- quitDriver -->
      </class> <!-- com.gSTAX.Tests.Tricentis -->
    </test> <!-- Test10 -->
    <test name="Test8" duration-ms="40414" started-at="2021-10-26T17:19:41 GMT" finished-at="2021-10-26T17:20:22 GMT">
      <class name="com.gSTAX.Tests.Tricentis2">
        <test-method status="PASS" signature="setupDriver()[pri:0, instance:com.gSTAX.Tests.Tricentis2@f6c48ac]" name="setupDriver" is-config="true" duration-ms="3588" started-at="2021-10-26T17:19:41 GMT" finished-at="2021-10-26T17:19:45 GMT">
          <reporter-output>
          </reporter-output>
        </test-method> <!-- setupDriver -->
        <test-method status="PASS" signature="WebsiteTest2()[pri:0, instance:com.gSTAX.Tests.Tricentis2@f6c48ac]" name="WebsiteTest2" duration-ms="36674" started-at="2021-10-26T17:19:45 GMT" finished-at="2021-10-26T17:20:21 GMT">
          <reporter-output>
          </reporter-output>
        </test-method> <!-- WebsiteTest2 -->
        <test-method status="PASS" signature="quitDriver()[pri:0, instance:com.gSTAX.Tests.Tricentis2@f6c48ac]" name="quitDriver" is-config="true" duration-ms="130" started-at="2021-10-26T17:20:21 GMT" finished-at="2021-10-26T17:20:22 GMT">
          <reporter-output>
          </reporter-output>
        </test-method> <!-- quitDriver -->
      </class> <!-- com.gSTAX.Tests.Tricentis2 -->
    </test> <!-- Test8 -->
    <test name="Test9" duration-ms="41373" started-at="2021-10-26T17:19:41 GMT" finished-at="2021-10-26T17:20:23 GMT">
      <class name="com.gSTAX.Tests.Tricentis2">
        <test-method status="PASS" signature="setupDriver()[pri:0, instance:com.gSTAX.Tests.Tricentis2@598067a5]" name="setupDriver" is-config="true" duration-ms="3663" started-at="2021-10-26T17:19:41 GMT" finished-at="2021-10-26T17:19:45 GMT">
          <reporter-output>
          </reporter-output>
        </test-method> <!-- setupDriver -->
        <test-method status="PASS" signature="WebsiteTest2()[pri:0, instance:com.gSTAX.Tests.Tricentis2@598067a5]" name="WebsiteTest2" duration-ms="37647" started-at="2021-10-26T17:19:45 GMT" finished-at="2021-10-26T17:20:22 GMT">
          <reporter-output>
          </reporter-output>
        </test-method> <!-- WebsiteTest2 -->
        <test-method status="PASS" signature="quitDriver()[pri:0, instance:com.gSTAX.Tests.Tricentis2@598067a5]" name="quitDriver" is-config="true" duration-ms="62" started-at="2021-10-26T17:20:22 GMT" finished-at="2021-10-26T17:20:23 GMT">
          <reporter-output>
          </reporter-output>
        </test-method> <!-- quitDriver -->
      </class> <!-- com.gSTAX.Tests.Tricentis2 -->
    </test> <!-- Test9 -->
    <test name="Test7" duration-ms="41912" started-at="2021-10-26T17:19:41 GMT" finished-at="2021-10-26T17:20:23 GMT">
      <class name="com.gSTAX.Tests.Tricentis2">
        <test-method status="PASS" signature="setupDriver()[pri:0, instance:com.gSTAX.Tests.Tricentis2@204f30ec]" name="setupDriver" is-config="true" duration-ms="4369" started-at="2021-10-26T17:19:41 GMT" finished-at="2021-10-26T17:19:45 GMT">
          <reporter-output>
          </reporter-output>
        </test-method> <!-- setupDriver -->
        <test-method status="PASS" signature="WebsiteTest2()[pri:0, instance:com.gSTAX.Tests.Tricentis2@204f30ec]" name="WebsiteTest2" duration-ms="37481" started-at="2021-10-26T17:19:45 GMT" finished-at="2021-10-26T17:20:23 GMT">
          <reporter-output>
          </reporter-output>
        </test-method> <!-- WebsiteTest2 -->
        <test-method status="PASS" signature="quitDriver()[pri:0, instance:com.gSTAX.Tests.Tricentis2@204f30ec]" name="quitDriver" is-config="true" duration-ms="60" started-at="2021-10-26T17:20:23 GMT" finished-at="2021-10-26T17:20:23 GMT">
          <reporter-output>
          </reporter-output>
        </test-method> <!-- quitDriver -->
      </class> <!-- com.gSTAX.Tests.Tricentis2 -->
    </test> <!-- Test7 -->
  </suite> <!-- Suite -->
</testng-results>
